0     ID=1    Q=0   ask
0     ID=2    Q=0   ask
0     ID=0    Q=0   work 4
0     ID=3    Q=1   ask
0     ID=3    Q=0   receive 4
0     ID=0    Q=0   work 2
0     ID=0    Q=1   work 1
0     ID=2    Q=1   receive 2
0     ID=1    Q=0   receive 1
0     ID=0    Q=0   work 1
0     ID=0       sleep 9
0.001     ID=1    1   complete 1
0.001     ID=1    Q=1   ask
0.001     ID=1    Q=0   receive 1
0.003     ID=2    0   complete 2
0.003     ID=2    Q=0   ask
0.003     ID=1    0   complete 1
0.003     ID=1    Q=0   ask
0.005     ID=3    0   complete 4
0.005     ID=3    Q=0   ask
0.091     ID=0    Q=0   work 5
0.091     ID=2    Q=0   receive 5
0.091     ID=0       sleep 1
0.101     ID=0    Q=0   work 1
0.101     ID=1    Q=0   receive 1
0.101     ID=0    Q=0   work 1
0.101     ID=3    Q=0   receive 1
0.101     ID=0    Q=0   work 1
0.101     ID=2    1   complete 5
0.101     ID=2    Q=1   ask
0.101     ID=2    Q=0   receive 1
0.102     ID=1    0   complete 1
0.103     ID=3    0   complete 1
summary:
work:8
ask:8
receive:8
complete:8
sleep:2
Thread 1:3
Thread 2:3
Thread 3:2
Transactions per second:77.6699
